<?xml version="1.0" encoding="UTF-8"?>
<!-- Generated by org.testng.reporters.JUnitXMLReporter -->
<testsuite ignored="1" hostname="karna" failures="0" tests="10" name="Test" time="0.139" errors="0" timestamp="2024-10-17T13:21:26 IST">
  <testcase classname="GroupTesting.Test3" name="demo1" time="0.022"/>
  <testcase classname="GroupTesting.Test3" name="demo2" time="0.002"/>
  <testcase classname="GroupTesting.Test3" name="demo3" time="0.005"/>
  <testcase classname="GroupTesting.Test4" name="demo3" time="0.003"/>
  <testcase classname="GroupTesting.Test1" name="demo1" time="0.003"/>
  <testcase classname="GroupTesting.Test1" name="demo2" time="0.002"/>
  <testcase classname="GroupTesting.Test1" name="demo3" time="0.002"/>
  <testcase classname="GroupTesting.Test2" name="demo1" time="0.003"/>
  <testcase classname="GroupTesting.Test2" name="demo2" time="0.001"/>
  <testcase classname="GroupTesting.Test2" name="demo3" time="0.001"/>
  <testcase classname="GroupTesting.Test4" name="demo1" time="0.0">
    <ignored/>
  </testcase> <!-- demo1 -->
</testsuite> <!-- Test -->
